Title：  错误信息: 来源地址：http://localhost:1680/mob/order/payshow?oidList=11  ,当前地址：http://localhost:1680/wechat/pay?oidList=11
Content：异常方法Boolean IsMatch(System.String),
异常信息:System.ArgumentNullException: Value cannot be null.
Parameter name: input
   at System.Text.RegularExpressions.Regex.IsMatch(String input)
   at System.Text.RegularExpressions.Regex.IsMatch(String input, String pattern)
   at VMall.PayPlugin.WeChat.RequestHandler.parseXML()
   at VMall.Web.Mobile.Controllers.WeChatController.Pay()
   at lambda_method(Closure , ControllerBase , Object[] )
   at System.Web.Mvc.ActionMethodDispatcher.<>c__DisplayClass1.<WrapVoidAction>b__0(ControllerBase controller, Object[] parameters)
   at System.Web.Mvc.ActionMethodDispatcher.Execute(ControllerBase controller, Object[] parameters)
   at System.Web.Mvc.ReflectedActionDescriptor.Execute(ControllerContext controllerContext, IDictionary`2 parameters)
   at System.Web.Mvc.ControllerActionInvoker.InvokeActionMethod(ControllerContext controllerContext, ActionDescriptor actionDescriptor, IDictionary`2 parameters)
   at System.Web.Mvc.ControllerActionInvoker.<>c__DisplayClass15.<InvokeActionMethodWithFilters>b__12()
   at System.Web.Mvc.ControllerActionInvoker.InvokeActionMethodFilter(IActionFilter filter, ActionExecutingContext preContext, Func`1 continuation)
   at System.Web.Mvc.ControllerActionInvoker.<>c__DisplayClass15.<>c__DisplayClass17.<InvokeActionMethodWithFilters>b__14()
   at System.Web.Mvc.ControllerActionInvoker.InvokeActionMethodWithFilters(ControllerContext controllerContext, IList`1 filters, ActionDescriptor actionDescriptor, IDictionary`2 parameters)
   at System.Web.Mvc.ControllerActionInvoker.InvokeAction(ControllerContext controllerContext, String actionName) ,访问者IP：127.0.0.1
Time：   6/8/2019 9:02:32 PM
---------------------------------------------------
Title：  错误信息: 来源地址：http://localhost:1680/mob/order/payshow?oidList=11  ,当前地址：http://localhost:1680/wechat/pay?oidList=11
Content：异常方法Boolean IsMatch(System.String),
异常信息:System.ArgumentNullException: Value cannot be null.
Parameter name: input
   at System.Text.RegularExpressions.Regex.IsMatch(String input)
   at System.Text.RegularExpressions.Regex.IsMatch(String input, String pattern)
   at VMall.PayPlugin.WeChat.RequestHandler.parseXML()
   at VMall.Web.Mobile.Controllers.WeChatController.Pay()
   at lambda_method(Closure , ControllerBase , Object[] )
   at System.Web.Mvc.ActionMethodDispatcher.<>c__DisplayClass1.<WrapVoidAction>b__0(ControllerBase controller, Object[] parameters)
   at System.Web.Mvc.ActionMethodDispatcher.Execute(ControllerBase controller, Object[] parameters)
   at System.Web.Mvc.ReflectedActionDescriptor.Execute(ControllerContext controllerContext, IDictionary`2 parameters)
   at System.Web.Mvc.ControllerActionInvoker.InvokeActionMethod(ControllerContext controllerContext, ActionDescriptor actionDescriptor, IDictionary`2 parameters)
   at System.Web.Mvc.ControllerActionInvoker.<>c__DisplayClass15.<InvokeActionMethodWithFilters>b__12()
   at System.Web.Mvc.ControllerActionInvoker.InvokeActionMethodFilter(IActionFilter filter, ActionExecutingContext preContext, Func`1 continuation)
   at System.Web.Mvc.ControllerActionInvoker.<>c__DisplayClass15.<>c__DisplayClass17.<InvokeActionMethodWithFilters>b__14()
   at System.Web.Mvc.ControllerActionInvoker.InvokeActionMethodWithFilters(ControllerContext controllerContext, IList`1 filters, ActionDescriptor actionDescriptor, IDictionary`2 parameters)
   at System.Web.Mvc.ControllerActionInvoker.InvokeAction(ControllerContext controllerContext, String actionName) ,访问者IP：127.0.0.1
Time：   6/8/2019 9:02:34 PM
---------------------------------------------------
